<?xml version="1.0" encoding="UTF-8"?>
<testng-results ignored="0" total="1" passed="1" failed="0" skipped="0">
  <reporter-output>
  </reporter-output>
  <suite started-at="2022-04-27T13:11:09 MESZ" name="FirstTest" finished-at="2022-04-27T13:11:12 MESZ" duration-ms="2823">
    <groups>
    </groups>
    <test started-at="2022-04-27T13:11:09 MESZ" name="Command line test" finished-at="2022-04-27T13:11:12 MESZ" duration-ms="2823">
      <class name="FirstTest">
        <test-method is-config="true" signature="setupClass()[pri:0, instance:FirstTest@40f08448]" started-at="2022-04-27T13:11:09 MESZ" name="setupClass" finished-at="2022-04-27T13:11:10 MESZ" duration-ms="456" status="PASS">
          <reporter-output>
          </reporter-output>
        </test-method> <!-- setupClass -->
        <test-method signature="SafariTest()[pri:0, instance:FirstTest@40f08448]" started-at="2022-04-27T13:11:10 MESZ" name="SafariTest" finished-at="2022-04-27T13:11:12 MESZ" duration-ms="2342" status="PASS">
          <reporter-output>
          </reporter-output>
        </test-method> <!-- SafariTest -->
      </class> <!-- FirstTest -->
    </test> <!-- Command line test -->
  </suite> <!-- FirstTest -->
</testng-results>
